Traceback (most recent call last):
  File "/home/runner/miniconda3/envs/cookbook-dev/lib/python3.10/site-packages/jupyter_core/utils/__init__.py", line 154, in wrapped
    asyncio.get_running_loop()
RuntimeError: no running event loop

During handling of the above exception, another exception occurred:

Traceback (most recent call last):
  File "/home/runner/miniconda3/envs/cookbook-dev/lib/python3.10/site-packages/jupyter_cache/executors/utils.py", line 58, in single_nb_execution
    executenb(
  File "/home/runner/miniconda3/envs/cookbook-dev/lib/python3.10/site-packages/nbclient/client.py", line 1319, in execute
    return NotebookClient(nb=nb, resources=resources, km=km, **kwargs).execute()
  File "/home/runner/miniconda3/envs/cookbook-dev/lib/python3.10/site-packages/jupyter_core/utils/__init__.py", line 158, in wrapped
    return loop.run_until_complete(inner)
  File "/home/runner/miniconda3/envs/cookbook-dev/lib/python3.10/asyncio/base_events.py", line 649, in run_until_complete
    return future.result()
  File "/home/runner/miniconda3/envs/cookbook-dev/lib/python3.10/site-packages/nbclient/client.py", line 709, in async_execute
    await self.async_execute_cell(
  File "/home/runner/miniconda3/envs/cookbook-dev/lib/python3.10/site-packages/nbclient/client.py", line 1062, in async_execute_cell
    await self._check_raise_for_error(cell, cell_index, exec_reply)
  File "/home/runner/miniconda3/envs/cookbook-dev/lib/python3.10/site-packages/nbclient/client.py", line 918, in _check_raise_for_error
    raise CellExecutionError.from_cell_and_msg(cell, exec_reply_content)
nbclient.exceptions.CellExecutionError: An error occurred while executing the following cell:
------------------
import example_utils
from vapor import session, renderer, dataset, camera
------------------


[0;31m---------------------------------------------------------------------------[0m
[0;31mModuleNotFoundError[0m                       Traceback (most recent call last)
Cell [0;32mIn[1], line 1[0m
[0;32m----> 1[0m [38;5;28;01mimport[39;00m[38;5;250m [39m[38;5;21;01mexample_utils[39;00m
[1;32m      2[0m [38;5;28;01mfrom[39;00m[38;5;250m [39m[38;5;21;01mvapor[39;00m[38;5;250m [39m[38;5;28;01mimport[39;00m session, renderer, dataset, camera

File [0;32m~/work/vapor-python-cookbook/vapor-python-cookbook/notebooks/example_utils.py:20[0m
[1;32m     16[0m     sys[38;5;241m.[39mpath[38;5;241m.[39mappend([38;5;124m'[39m[38;5;124m..[39m[38;5;124m'[39m)
[1;32m     19[0m [38;5;28;01mfrom[39;00m[38;5;250m [39m[38;5;21;01minspect[39;00m[38;5;250m [39m[38;5;28;01mimport[39;00m signature
[0;32m---> 20[0m [38;5;28;01mimport[39;00m[38;5;250m [39m[38;5;21;01mnumpy[39;00m[38;5;250m [39m[38;5;28;01mas[39;00m[38;5;250m [39m[38;5;21;01mnp[39;00m
[1;32m     21[0m [38;5;28;01mfrom[39;00m[38;5;250m [39m[38;5;21;01mmath[39;00m[38;5;250m [39m[38;5;28;01mimport[39;00m sin
[1;32m     23[0m [38;5;28;01mdef[39;00m[38;5;250m [39m[38;5;21mSampleFunctionOnRegularGrid[39m(f, ext[38;5;241m=[39m[38;5;28;01mNone[39;00m, shape[38;5;241m=[39m[38;5;28;01mNone[39;00m):

[0;31mModuleNotFoundError[0m: No module named 'numpy'

